# JRE version: OpenJDK Runtime Environment Temurin-21.0.10+7 (21.0.10+7) (build 21.0.10+7-LTS)
# Java VM: OpenJDK 64-Bit Server VM Temurin-21.0.10+7 (21.0.10+7-LTS, mixed mode, sharing, tiered, compressed oops, compressed class ptrs, parallel gc, windows-amd64)
GC Precious Log:
 CardTable entry size: 512
 CPUs: 8 total, 8 available
 Memory: 16227M
 Large Page Support: Disabled
 NUMA Support: Disabled
 Compressed Oops: Enabled (32-bit)
 Alignments: Space 512K, Generation 512K, Heap 2M
 Heap Min Capacity: 100M
 Heap Initial Capacity: 100M
 Heap Max Capacity: 2G
 Pre-touch: Disabled
 Parallel Workers: 8
Heap:
 PSYoungGen      total 18432K, used 3578K [0x00000000d5580000, 0x00000000d6b80000, 0x0000000100000000)
  eden space 17408K, 15% used [0x00000000d5580000,0x00000000d5812990,0x00000000d6680000)
  from space 1024K, 92% used [0x00000000d6980000,0x00000000d6a6c010,0x00000000d6a80000)
  to   space 1024K, 0% used [0x00000000d6a80000,0x00000000d6a80000,0x00000000d6b80000)
 ParOldGen       total 80384K, used 80210K [0x0000000080000000, 0x0000000084e80000, 0x00000000d5580000)
  object space 80384K, 99% used [0x0000000080000000,0x0000000084e54b30,0x0000000084e80000)
 Metaspace       used 77045K, committed 78720K, reserved 1179648K
  class space    used 8104K, committed 8832K, reserved 1048576K
GC Heap History (20 events):
Event: 76957.524 GC heap before
{Heap before GC invocations=71 (full 3):
 PSYoungGen      total 22528K, used 22512K [0x00000000d5580000, 0x00000000d7900000, 0x0000000100000000)
  eden space 17920K, 100% used [0x00000000d5580000,0x00000000d6700000,0x00000000d6700000)
  from space 4608K, 99% used [0x00000000d6700000,0x00000000d6b7c210,0x00000000d6b80000)
  to   space 9216K, 0% used [0x00000000d7000000,0x00000000d7000000,0x00000000d7900000)
 ParOldGen       total 69632K, used 69266K [0x0000000080000000, 0x0000000084400000, 0x00000000d5580000)
  object space 69632K, 99% used [0x0000000080000000,0x00000000843a4a98,0x0000000084400000)
 Metaspace       used 75939K, committed 77504K, reserved 1179648K
  class space    used 8017K, committed 8704K, reserved 1048576K
}
Event: 76957.530 GC heap after
{Heap after GC invocations=71 (full 3):
 PSYoungGen      total 20480K, used 2272K [0x00000000d5580000, 0x00000000d7280000, 0x0000000100000000)
  eden space 17920K, 0% used [0x00000000d5580000,0x00000000d5580000,0x00000000d6700000)
  from space 2560K, 88% used [0x00000000d7000000,0x00000000d7238020,0x00000000d7280000)
  to   space 4608K, 0% used [0x00000000d6980000,0x00000000d6980000,0x00000000d6e00000)
 ParOldGen       total 72192K, used 71775K [0x0000000080000000, 0x0000000084680000, 0x00000000d5580000)
  object space 72192K, 99% used [0x0000000080000000,0x0000000084617f48,0x0000000084680000)
 Metaspace       used 75939K, committed 77504K, reserved 1179648K
  class space    used 8017K, committed 8704K, reserved 1048576K
}
Event: 76958.482 GC heap before
{Heap before GC invocations=72 (full 3):
 PSYoungGen      total 20480K, used 20192K [0x00000000d5580000, 0x00000000d7280000, 0x0000000100000000)
  eden space 17920K, 100% used [0x00000000d5580000,0x00000000d6700000,0x00000000d6700000)
  from space 2560K, 88% used [0x00000000d7000000,0x00000000d7238020,0x00000000d7280000)
  to   space 4608K, 0% used [0x00000000d6980000,0x00000000d6980000,0x00000000d6e00000)
 ParOldGen       total 72192K, used 71775K [0x0000000080000000, 0x0000000084680000, 0x00000000d5580000)
  object space 72192K, 99% used [0x0000000080000000,0x0000000084617f48,0x0000000084680000)
 Metaspace       used 75979K, committed 77504K, reserved 1179648K
  class space    used 8017K, committed 8704K, reserved 1048576K
}
Event: 76958.488 GC heap after
{Heap after GC invocations=72 (full 3):
 PSYoungGen      total 22528K, used 4243K [0x00000000d5580000, 0x00000000d7100000, 0x0000000100000000)
  eden space 17920K, 0% used [0x00000000d5580000,0x00000000d5580000,0x00000000d6700000)
  from space 4608K, 92% used [0x00000000d6980000,0x00000000d6da4d60,0x00000000d6e00000)
  to   space 3072K, 0% used [0x00000000d6e00000,0x00000000d6e00000,0x00000000d7100000)
 ParOldGen       total 74240K, used 73884K [0x0000000080000000, 0x0000000084880000, 0x00000000d5580000)
  object space 74240K, 99% used [0x0000000080000000,0x00000000848273f8,0x0000000084880000)
 Metaspace       used 75979K, committed 77504K, reserved 1179648K
  class space    used 8017K, committed 8704K, reserved 1048576K
}
Event: 76989.401 GC heap before
{Heap before GC invocations=73 (full 3):
 PSYoungGen      total 22528K, used 22163K [0x00000000d5580000, 0x00000000d7100000, 0x0000000100000000)
  eden space 17920K, 100% used [0x00000000d5580000,0x00000000d6700000,0x00000000d6700000)
  from space 4608K, 92% used [0x00000000d6980000,0x00000000d6da4d60,0x00000000d6e00000)
  to   space 3072K, 0% used [0x00000000d6e00000,0x00000000d6e00000,0x00000000d7100000)
 ParOldGen       total 74240K, used 73884K [0x0000000080000000, 0x0000000084880000, 0x00000000d5580000)
  object space 74240K, 99% used [0x0000000080000000,0x00000000848273f8,0x0000000084880000)
 Metaspace       used 76006K, committed 77568K, reserved 1179648K
  class space    used 8017K, committed 8704K, reserved 1048576K
}
Event: 76989.408 GC heap after
{Heap after GC invocations=73 (full 3):
 PSYoungGen      total 20480K, used 3049K [0x00000000d5580000, 0x00000000d7600000, 0x0000000100000000)
  eden space 17408K, 0% used [0x00000000d5580000,0x00000000d5580000,0x00000000d6680000)
  from space 3072K, 99% used [0x00000000d6e00000,0x00000000d70fa400,0x00000000d7100000)
  to   space 7680K, 0% used [0x00000000d6680000,0x00000000d6680000,0x00000000d6e00000)
 ParOldGen       total 77824K, used 77780K [0x0000000080000000, 0x0000000084c00000, 0x00000000d5580000)
  object space 77824K, 99% used [0x0000000080000000,0x0000000084bf53f8,0x0000000084c00000)
 Metaspace       used 76006K, committed 77568K, reserved 1179648K
  class space    used 8017K, committed 8704K, reserved 1048576K
}
Event: 77742.721 GC heap before
{Heap before GC invocations=74 (full 3):
 PSYoungGen      total 20480K, used 20457K [0x00000000d5580000, 0x00000000d7600000, 0x0000000100000000)
  eden space 17408K, 100% used [0x00000000d5580000,0x00000000d6680000,0x00000000d6680000)
  from space 3072K, 99% used [0x00000000d6e00000,0x00000000d70fa400,0x00000000d7100000)
  to   space 7680K, 0% used [0x00000000d6680000,0x00000000d6680000,0x00000000d6e00000)
 ParOldGen       total 77824K, used 77780K [0x0000000080000000, 0x0000000084c00000, 0x00000000d5580000)
  object space 77824K, 99% used [0x0000000080000000,0x0000000084bf53f8,0x0000000084c00000)
 Metaspace       used 76057K, committed 77632K, reserved 1179648K
  class space    used 8018K, committed 8704K, reserved 1048576K
}
Event: 77742.725 GC heap after
{Heap after GC invocations=74 (full 3):
 PSYoungGen      total 18432K, used 592K [0x00000000d5580000, 0x00000000d6e80000, 0x0000000100000000)
  eden space 17408K, 0% used [0x00000000d5580000,0x00000000d5580000,0x00000000d6680000)
  from space 1024K, 57% used [0x00000000d6680000,0x00000000d6714070,0x00000000d6780000)
  to   space 3072K, 0% used [0x00000000d6b80000,0x00000000d6b80000,0x00000000d6e80000)
 ParOldGen       total 78848K, used 78576K [0x0000000080000000, 0x0000000084d00000, 0x00000000d5580000)
  object space 78848K, 99% used [0x0000000080000000,0x0000000084cbc2f8,0x0000000084d00000)
 Metaspace       used 76057K, committed 77632K, reserved 1179648K
  class space    used 8018K, committed 8704K, reserved 1048576K
}
Event: 77751.225 GC heap before
{Heap before GC invocations=75 (full 3):
 PSYoungGen      total 18432K, used 18000K [0x00000000d5580000, 0x00000000d6e80000, 0x0000000100000000)
  eden space 17408K, 100% used [0x00000000d5580000,0x00000000d6680000,0x00000000d6680000)
  from space 1024K, 57% used [0x00000000d6680000,0x00000000d6714070,0x00000000d6780000)
  to   space 3072K, 0% used [0x00000000d6b80000,0x00000000d6b80000,0x00000000d6e80000)
 ParOldGen       total 78848K, used 78576K [0x0000000080000000, 0x0000000084d00000, 0x00000000d5580000)
  object space 78848K, 99% used [0x0000000080000000,0x0000000084cbc2f8,0x0000000084d00000)
 Metaspace       used 76121K, committed 77760K, reserved 1179648K
  class space    used 8023K, committed 8768K, reserved 1048576K
}
Event: 77751.231 GC heap after
{Heap after GC invocations=75 (full 3):
 PSYoungGen      total 17920K, used 416K [0x00000000d5580000, 0x00000000d6c00000, 0x0000000100000000)
  eden space 17408K, 0% used [0x00000000d5580000,0x00000000d5580000,0x00000000d6680000)
  from space 512K, 81% used [0x00000000d6b80000,0x00000000d6be8040,0x00000000d6c00000)
  to   space 1024K, 0% used [0x00000000d6a00000,0x00000000d6a00000,0x00000000d6b00000)
 ParOldGen       total 79360K, used 78896K [0x0000000080000000, 0x0000000084d80000, 0x00000000d5580000)
  object space 79360K, 99% used [0x0000000080000000,0x0000000084d0c358,0x0000000084d80000)
 Metaspace       used 76121K, committed 77760K, reserved 1179648K
  class space    used 8023K, committed 8768K, reserved 1048576K
}
Event: 77755.921 GC heap before
{Heap before GC invocations=76 (full 3):
 PSYoungGen      total 17920K, used 17824K [0x00000000d5580000, 0x00000000d6c00000, 0x0000000100000000)
  eden space 17408K, 100% used [0x00000000d5580000,0x00000000d6680000,0x00000000d6680000)
  from space 512K, 81% used [0x00000000d6b80000,0x00000000d6be8040,0x00000000d6c00000)
  to   space 1024K, 0% used [0x00000000d6a00000,0x00000000d6a00000,0x00000000d6b00000)
 ParOldGen       total 79360K, used 78896K [0x0000000080000000, 0x0000000084d80000, 0x00000000d5580000)
  object space 79360K, 99% used [0x0000000080000000,0x0000000084d0c358,0x0000000084d80000)
 Metaspace       used 76478K, committed 78080K, reserved 1179648K
  class space    used 8061K, committed 8768K, reserved 1048576K
}
Event: 77755.924 GC heap after
{Heap after GC invocations=76 (full 3):
 PSYoungGen      total 18432K, used 576K [0x00000000d5580000, 0x00000000d6c00000, 0x0000000100000000)
  eden space 17408K, 0% used [0x00000000d5580000,0x00000000d5580000,0x00000000d6680000)
  from space 1024K, 56% used [0x00000000d6a00000,0x00000000d6a90000,0x00000000d6b00000)
  to   space 1024K, 0% used [0x00000000d6b00000,0x00000000d6b00000,0x00000000d6c00000)
 ParOldGen       total 79360K, used 79160K [0x0000000080000000, 0x0000000084d80000, 0x00000000d5580000)
  object space 79360K, 99% used [0x0000000080000000,0x0000000084d4e058,0x0000000084d80000)
 Metaspace       used 76478K, committed 78080K, reserved 1179648K
  class space    used 8061K, committed 8768K, reserved 1048576K
}
Event: 77758.817 GC heap before
{Heap before GC invocations=77 (full 3):
 PSYoungGen      total 18432K, used 17984K [0x00000000d5580000, 0x00000000d6c00000, 0x0000000100000000)
  eden space 17408K, 100% used [0x00000000d5580000,0x00000000d6680000,0x00000000d6680000)
  from space 1024K, 56% used [0x00000000d6a00000,0x00000000d6a90000,0x00000000d6b00000)
  to   space 1024K, 0% used [0x00000000d6b00000,0x00000000d6b00000,0x00000000d6c00000)
 ParOldGen       total 79360K, used 79160K [0x0000000080000000, 0x0000000084d80000, 0x00000000d5580000)
  object space 79360K, 99% used [0x0000000080000000,0x0000000084d4e058,0x0000000084d80000)
 Metaspace       used 76767K, committed 78272K, reserved 1179648K
  class space    used 8089K, committed 8768K, reserved 1048576K
}
Event: 77758.822 GC heap after
{Heap after GC invocations=77 (full 3):
 PSYoungGen      total 18432K, used 656K [0x00000000d5580000, 0x00000000d6c00000, 0x0000000100000000)
  eden space 17408K, 0% used [0x00000000d5580000,0x00000000d5580000,0x00000000d6680000)
  from space 1024K, 64% used [0x00000000d6b00000,0x00000000d6ba4030,0x00000000d6c00000)
  to   space 1024K, 0% used [0x00000000d6a00000,0x00000000d6a00000,0x00000000d6b00000)
 ParOldGen       total 79872K, used 79613K [0x0000000080000000, 0x0000000084e00000, 0x00000000d5580000)
  object space 79872K, 99% used [0x0000000080000000,0x0000000084dbf680,0x0000000084e00000)
 Metaspace       used 76767K, committed 78272K, reserved 1179648K
  class space    used 8089K, committed 8768K, reserved 1048576K
}
Event: 77760.815 GC heap before
{Heap before GC invocations=78 (full 3):
 PSYoungGen      total 18432K, used 18064K [0x00000000d5580000, 0x00000000d6c00000, 0x0000000100000000)
  eden space 17408K, 100% used [0x00000000d5580000,0x00000000d6680000,0x00000000d6680000)
  from space 1024K, 64% used [0x00000000d6b00000,0x00000000d6ba4030,0x00000000d6c00000)
  to   space 1024K, 0% used [0x00000000d6a00000,0x00000000d6a00000,0x00000000d6b00000)
 ParOldGen       total 79872K, used 79613K [0x0000000080000000, 0x0000000084e00000, 0x00000000d5580000)
  object space 79872K, 99% used [0x0000000080000000,0x0000000084dbf680,0x0000000084e00000)
 Metaspace       used 76804K, committed 78400K, reserved 1179648K
  class space    used 8091K, committed 8832K, reserved 1048576K
}
Event: 77760.822 GC heap after
{Heap after GC invocations=78 (full 3):
 PSYoungGen      total 18432K, used 800K [0x00000000d5580000, 0x00000000d6b80000, 0x0000000100000000)
  eden space 17408K, 0% used [0x00000000d5580000,0x00000000d5580000,0x00000000d6680000)
  from space 1024K, 78% used [0x00000000d6a00000,0x00000000d6ac8000,0x00000000d6b00000)
  to   space 512K, 0% used [0x00000000d6b00000,0x00000000d6b00000,0x00000000d6b80000)
 ParOldGen       total 79872K, used 79773K [0x0000000080000000, 0x0000000084e00000, 0x00000000d5580000)
  object space 79872K, 99% used [0x0000000080000000,0x0000000084de76a0,0x0000000084e00000)
 Metaspace       used 76804K, committed 78400K, reserved 1179648K
  class space    used 8091K, committed 8832K, reserved 1048576K
}
Event: 77764.675 GC heap before
{Heap before GC invocations=79 (full 3):
 PSYoungGen      total 18432K, used 18208K [0x00000000d5580000, 0x00000000d6b80000, 0x0000000100000000)
  eden space 17408K, 100% used [0x00000000d5580000,0x00000000d6680000,0x00000000d6680000)
  from space 1024K, 78% used [0x00000000d6a00000,0x00000000d6ac8000,0x00000000d6b00000)
  to   space 512K, 0% used [0x00000000d6b00000,0x00000000d6b00000,0x00000000d6b80000)
 ParOldGen       total 79872K, used 79773K [0x0000000080000000, 0x0000000084e00000, 0x00000000d5580000)
  object space 79872K, 99% used [0x0000000080000000,0x0000000084de76a0,0x0000000084e00000)
 Metaspace       used 76861K, committed 78528K, reserved 1179648K
  class space    used 8092K, committed 8832K, reserved 1048576K
}
Event: 77764.677 GC heap after
{Heap after GC invocations=79 (full 3):
 PSYoungGen      total 17920K, used 512K [0x00000000d5580000, 0x00000000d6b80000, 0x0000000100000000)
  eden space 17408K, 0% used [0x00000000d5580000,0x00000000d5580000,0x00000000d6680000)
  from space 512K, 100% used [0x00000000d6b00000,0x00000000d6b80000,0x00000000d6b80000)
  to   space 1024K, 0% used [0x00000000d6980000,0x00000000d6980000,0x00000000d6a80000)
 ParOldGen       total 79872K, used 79829K [0x0000000080000000, 0x0000000084e00000, 0x00000000d5580000)
  object space 79872K, 99% used [0x0000000080000000,0x0000000084df56a0,0x0000000084e00000)
 Metaspace       used 76861K, committed 78528K, reserved 1179648K
  class space    used 8092K, committed 8832K, reserved 1048576K
}
Event: 77768.955 GC heap before
{Heap before GC invocations=80 (full 3):
 PSYoungGen      total 17920K, used 17920K [0x00000000d5580000, 0x00000000d6b80000, 0x0000000100000000)
  eden space 17408K, 100% used [0x00000000d5580000,0x00000000d6680000,0x00000000d6680000)
  from space 512K, 100% used [0x00000000d6b00000,0x00000000d6b80000,0x00000000d6b80000)
  to   space 1024K, 0% used [0x00000000d6980000,0x00000000d6980000,0x00000000d6a80000)
 ParOldGen       total 79872K, used 79829K [0x0000000080000000, 0x0000000084e00000, 0x00000000d5580000)
  object space 79872K, 99% used [0x0000000080000000,0x0000000084df56a0,0x0000000084e00000)
 Metaspace       used 76983K, committed 78656K, reserved 1179648K
  class space    used 8097K, committed 8832K, reserved 1048576K
}
Event: 77768.962 GC heap after
{Heap after GC invocations=80 (full 3):
 PSYoungGen      total 18432K, used 944K [0x00000000d5580000, 0x00000000d6b80000, 0x0000000100000000)
  eden space 17408K, 0% used [0x00000000d5580000,0x00000000d5580000,0x00000000d6680000)
  from space 1024K, 92% used [0x00000000d6980000,0x00000000d6a6c010,0x00000000d6a80000)
  to   space 1024K, 0% used [0x00000000d6a80000,0x00000000d6a80000,0x00000000d6b80000)
 ParOldGen       total 80384K, used 80210K [0x0000000080000000, 0x0000000084e80000, 0x00000000d5580000)
  object space 80384K, 99% used [0x0000000080000000,0x0000000084e54b30,0x0000000084e80000)
 Metaspace       used 76983K, committed 78656K, reserved 1179648K
  class space    used 8097K, committed 8832K, reserved 1048576K
}

